Vivado Simulator v2022.2
Copyright 1986-1999, 2001-2022 Xilinx, Inc. All Rights Reserved.
Running: F:/VIVADO/Vivado/2022.2/bin/unwrapped/win64.o/xelab.exe --incr --debug typical --relax --mt 2 --maxdelay -L xil_defaultlib -L simprims_ver -L secureip --snapshot TEST_BENCH_time_synth -transport_int_delays -pulse_r 0 -pulse_int_r 0 -pulse_e 0 -pulse_int_e 0 xil_defaultlib.TEST_BENCH xil_defaultlib.glbl -log elaborate.log 
Using 2 slave threads.
Starting static elaboration
Pass Through NonSizing Optimizer
Completed static elaboration
Starting simulation data flow analysis
Completed simulation data flow analysis
INFO: [XSIM 43-3451] SDF backannotation process started with SDF file "TEST_BENCH_time_synth.sdf", for root module "TEST_BENCH/UUT".
INFO: [XSIM 43-3452] SDF backannotation was successful for SDF file "TEST_BENCH_time_synth.sdf", for root module "TEST_BENCH/UUT".
Time Resolution for simulation is 1ps
Compiling module simprims_ver.BUFGCE(CE_TYPE="ASYNC",SIM_DEVIC...
Compiling module simprims_ver.IBUFCTRL_default
Compiling module simprims_ver.INBUF_default
Compiling module xil_defaultlib.IBUF_UNIQ_BASE_
Compiling module simprims_ver.x_lut1_mux2
Compiling module simprims_ver.LUT1
Compiling module simprims_ver.x_lut3_mux8
Compiling module simprims_ver.LUT3
Compiling module simprims_ver.LUT6
Compiling module simprims_ver.FDCE_default
Compiling module simprims_ver.CARRY8
Compiling module simprims_ver.OBUF
Compiling module simprims_ver.LUT4
Compiling module xil_defaultlib.IBUF_HD1
Compiling module xil_defaultlib.IBUF_HD2
Compiling module xil_defaultlib.IBUF_HD3
Compiling module xil_defaultlib.IBUF_HD4
Compiling module xil_defaultlib.IBUF_HD5
Compiling module xil_defaultlib.IBUF_HD6
Compiling module xil_defaultlib.IBUF_HD7
Compiling module xil_defaultlib.IBUF_HD8
Compiling module xil_defaultlib.IBUF_HD9
Compiling module xil_defaultlib.IBUF_HD10
Compiling module xil_defaultlib.IBUF_HD11
Compiling module xil_defaultlib.IBUF_HD12
Compiling module xil_defaultlib.IBUF_HD13
Compiling module xil_defaultlib.IBUF_HD14
Compiling module xil_defaultlib.IBUF_HD15
Compiling module xil_defaultlib.IBUF_HD16
Compiling module xil_defaultlib.IBUF_HD17
Compiling module xil_defaultlib.IBUF_HD18
Compiling module xil_defaultlib.IBUF_HD19
Compiling module xil_defaultlib.IBUF_HD20
Compiling module xil_defaultlib.IBUF_HD21
Compiling module xil_defaultlib.IBUF_HD22
Compiling module xil_defaultlib.IBUF_HD23
Compiling module xil_defaultlib.IBUF_HD24
Compiling module xil_defaultlib.IBUF_HD25
Compiling module xil_defaultlib.IBUF_HD26
Compiling module simprims_ver.x_lut2_mux4
Compiling module simprims_ver.LUT2
Compiling module simprims_ver.LUT5
Compiling module xil_defaultlib.IBUF_HD27
Compiling module xil_defaultlib.RGB_TO_GRAYSCALE
Compiling module xil_defaultlib.TEST_BENCH
Compiling module xil_defaultlib.glbl
Built simulation snapshot TEST_BENCH_time_synth
